# JRE version: OpenJDK Runtime Environment (11.0.15) (build 11.0.15+0-b2043.56-8887301)
# Java VM: OpenJDK 64-Bit Server VM (11.0.15+0-b2043.56-8887301, mixed mode, tiered, compressed oops, g1 gc, windows-amd64)
Heap:
 garbage-first heap   total 398336K, used 189372K [0x00000000a0000000, 0x0000000100000000)
  region size 1024K, 75 young (76800K), 26 survivors (26624K)
 Metaspace       used 108361K, capacity 110699K, committed 111272K, reserved 1146880K
  class space    used 13382K, capacity 14225K, committed 14432K, reserved 1048576K
GC Heap History (20 events):
Event: 97.987 GC heap before
{Heap before GC invocations=143 (full 0):
 garbage-first heap   total 398336K, used 349617K [0x00000000a0000000, 0x0000000100000000)
  region size 1024K, 233 young (238592K), 8 survivors (8192K)
 Metaspace       used 89414K, capacity 91810K, committed 92072K, reserved 1130496K
  class space    used 10836K, capacity 11716K, committed 11768K, reserved 1048576K
}
Event: 97.993 GC heap after
{Heap after GC invocations=144 (full 0):
 garbage-first heap   total 398336K, used 120245K [0x00000000a0000000, 0x0000000100000000)
  region size 1024K, 9 young (9216K), 9 survivors (9216K)
 Metaspace       used 89414K, capacity 91810K, committed 92072K, reserved 1130496K
  class space    used 10836K, capacity 11716K, committed 11768K, reserved 1048576K
}
Event: 98.408 GC heap before
{Heap before GC invocations=144 (full 0):
 garbage-first heap   total 398336K, used 347573K [0x00000000a0000000, 0x0000000100000000)
  region size 1024K, 231 young (236544K), 9 survivors (9216K)
 Metaspace       used 89414K, capacity 91810K, committed 92072K, reserved 1130496K
  class space    used 10836K, capacity 11716K, committed 11768K, reserved 1048576K
}
Event: 98.413 GC heap after
{Heap after GC invocations=145 (full 0):
 garbage-first heap   total 398336K, used 120859K [0x00000000a0000000, 0x0000000100000000)
  region size 1024K, 9 young (9216K), 9 survivors (9216K)
 Metaspace       used 89414K, capacity 91810K, committed 92072K, reserved 1130496K
  class space    used 10836K, capacity 11716K, committed 11768K, reserved 1048576K
}
Event: 98.776 GC heap before
{Heap before GC invocations=145 (full 0):
 garbage-first heap   total 398336K, used 348187K [0x00000000a0000000, 0x0000000100000000)
  region size 1024K, 231 young (236544K), 9 survivors (9216K)
 Metaspace       used 89415K, capacity 91810K, committed 92072K, reserved 1130496K
  class space    used 10836K, capacity 11716K, committed 11768K, reserved 1048576K
}
Event: 98.782 GC heap after
{Heap after GC invocations=146 (full 0):
 garbage-first heap   total 398336K, used 121247K [0x00000000a0000000, 0x0000000100000000)
  region size 1024K, 9 young (9216K), 9 survivors (9216K)
 Metaspace       used 89415K, capacity 91810K, committed 92072K, reserved 1130496K
  class space    used 10836K, capacity 11716K, committed 11768K, reserved 1048576K
}
Event: 99.119 GC heap before
{Heap before GC invocations=146 (full 0):
 garbage-first heap   total 398336K, used 348575K [0x00000000a0000000, 0x0000000100000000)
  region size 1024K, 231 young (236544K), 9 survivors (9216K)
 Metaspace       used 89415K, capacity 91810K, committed 92072K, reserved 1130496K
  class space    used 10836K, capacity 11716K, committed 11768K, reserved 1048576K
}
Event: 99.124 GC heap after
{Heap after GC invocations=147 (full 0):
 garbage-first heap   total 398336K, used 121568K [0x00000000a0000000, 0x0000000100000000)
  region size 1024K, 9 young (9216K), 9 survivors (9216K)
 Metaspace       used 89415K, capacity 91810K, committed 92072K, reserved 1130496K
  class space    used 10836K, capacity 11716K, committed 11768K, reserved 1048576K
}
Event: 99.472 GC heap before
{Heap before GC invocations=147 (full 0):
 garbage-first heap   total 398336K, used 348896K [0x00000000a0000000, 0x0000000100000000)
  region size 1024K, 231 young (236544K), 9 survivors (9216K)
 Metaspace       used 89417K, capacity 91810K, committed 92072K, reserved 1130496K
  class space    used 10836K, capacity 11716K, committed 11768K, reserved 1048576K
}
Event: 99.477 GC heap after
{Heap after GC invocations=148 (full 0):
 garbage-first heap   total 398336K, used 121631K [0x00000000a0000000, 0x0000000100000000)
  region size 1024K, 9 young (9216K), 9 survivors (9216K)
 Metaspace       used 89417K, capacity 91810K, committed 92072K, reserved 1130496K
  class space    used 10836K, capacity 11716K, committed 11768K, reserved 1048576K
}
Event: 99.837 GC heap before
{Heap before GC invocations=148 (full 0):
 garbage-first heap   total 398336K, used 347935K [0x00000000a0000000, 0x0000000100000000)
  region size 1024K, 230 young (235520K), 9 survivors (9216K)
 Metaspace       used 89417K, capacity 91810K, committed 92072K, reserved 1130496K
  class space    used 10836K, capacity 11716K, committed 11768K, reserved 1048576K
}
Event: 99.842 GC heap after
{Heap after GC invocations=149 (full 0):
 garbage-first heap   total 398336K, used 121637K [0x00000000a0000000, 0x0000000100000000)
  region size 1024K, 8 young (8192K), 8 survivors (8192K)
 Metaspace       used 89417K, capacity 91810K, committed 92072K, reserved 1130496K
  class space    used 10836K, capacity 11716K, committed 11768K, reserved 1048576K
}
Event: 100.188 GC heap before
{Heap before GC invocations=149 (full 0):
 garbage-first heap   total 398336K, used 349989K [0x00000000a0000000, 0x0000000100000000)
  region size 1024K, 231 young (236544K), 8 survivors (8192K)
 Metaspace       used 89419K, capacity 91810K, committed 92072K, reserved 1130496K
  class space    used 10836K, capacity 11716K, committed 11768K, reserved 1048576K
}
Event: 100.192 GC heap after
{Heap after GC invocations=150 (full 0):
 garbage-first heap   total 398336K, used 122286K [0x00000000a0000000, 0x0000000100000000)
  region size 1024K, 9 young (9216K), 9 survivors (9216K)
 Metaspace       used 89419K, capacity 91810K, committed 92072K, reserved 1130496K
  class space    used 10836K, capacity 11716K, committed 11768K, reserved 1048576K
}
Event: 100.524 GC heap before
{Heap before GC invocations=150 (full 0):
 garbage-first heap   total 398336K, used 347566K [0x00000000a0000000, 0x0000000100000000)
  region size 1024K, 229 young (234496K), 9 survivors (9216K)
 Metaspace       used 89419K, capacity 91810K, committed 92072K, reserved 1130496K
  class space    used 10836K, capacity 11716K, committed 11768K, reserved 1048576K
}
Event: 100.529 GC heap after
{Heap after GC invocations=151 (full 0):
 garbage-first heap   total 398336K, used 122331K [0x00000000a0000000, 0x0000000100000000)
  region size 1024K, 7 young (7168K), 7 survivors (7168K)
 Metaspace       used 89419K, capacity 91810K, committed 92072K, reserved 1130496K
  class space    used 10836K, capacity 11716K, committed 11768K, reserved 1048576K
}
Event: 102.212 GC heap before
{Heap before GC invocations=151 (full 0):
 garbage-first heap   total 398336K, used 353755K [0x00000000a0000000, 0x0000000100000000)
  region size 1024K, 230 young (235520K), 7 survivors (7168K)
 Metaspace       used 100000K, capacity 102601K, committed 102952K, reserved 1138688K
  class space    used 12379K, capacity 13331K, committed 13432K, reserved 1048576K
}
Event: 102.226 GC heap after
{Heap after GC invocations=152 (full 0):
 garbage-first heap   total 398336K, used 134896K [0x00000000a0000000, 0x0000000100000000)
  region size 1024K, 16 young (16384K), 16 survivors (16384K)
 Metaspace       used 100000K, capacity 102601K, committed 102952K, reserved 1138688K
  class space    used 12379K, capacity 13331K, committed 13432K, reserved 1048576K
}
Event: 103.412 GC heap before
{Heap before GC invocations=152 (full 0):
 garbage-first heap   total 398336K, used 236272K [0x00000000a0000000, 0x0000000100000000)
  region size 1024K, 116 young (118784K), 16 survivors (16384K)
 Metaspace       used 106126K, capacity 108721K, committed 108840K, reserved 1144832K
  class space    used 13204K, capacity 14148K, committed 14200K, reserved 1048576K
}
Event: 103.462 GC heap after
{Heap after GC invocations=153 (full 0):
 garbage-first heap   total 398336K, used 146364K [0x00000000a0000000, 0x0000000100000000)
  region size 1024K, 26 young (26624K), 26 survivors (26624K)
 Metaspace       used 106126K, capacity 108721K, committed 108840K, reserved 1144832K
  class space    used 13204K, capacity 14148K, committed 14200K, reserved 1048576K
}

