# JRE version: OpenJDK Runtime Environment (11.0.15) (build 11.0.15+0-b2043.56-8887301)
# Java VM: OpenJDK 64-Bit Server VM (11.0.15+0-b2043.56-8887301, mixed mode, tiered, compressed oops, g1 gc, windows-amd64)
Heap:
 garbage-first heap   total 245760K, used 198609K [0x00000000a0000000, 0x0000000100000000)
  region size 1024K, 82 young (83968K), 5 survivors (5120K)
 Metaspace       used 132911K, capacity 135577K, committed 135772K, reserved 1169408K
  class space    used 15645K, capacity 16671K, committed 16716K, reserved 1048576K
GC Heap History (20 events):
Event: 162.510 GC heap after
{Heap after GC invocations=95 (full 0):
 garbage-first heap   total 245760K, used 131201K [0x00000000a0000000, 0x0000000100000000)
  region size 1024K, 5 young (5120K), 5 survivors (5120K)
 Metaspace       used 123842K, capacity 126517K, committed 126684K, reserved 1161216K
  class space    used 14544K, capacity 15505K, committed 15564K, reserved 1048576K
}
Event: 162.884 GC heap before
{Heap before GC invocations=96 (full 0):
 garbage-first heap   total 245760K, used 209025K [0x00000000a0000000, 0x0000000100000000)
  region size 1024K, 81 young (82944K), 5 survivors (5120K)
 Metaspace       used 123849K, capacity 126517K, committed 126684K, reserved 1161216K
  class space    used 14544K, capacity 15505K, committed 15564K, reserved 1048576K
}
Event: 162.889 GC heap after
{Heap after GC invocations=97 (full 0):
 garbage-first heap   total 245760K, used 131685K [0x00000000a0000000, 0x0000000100000000)
  region size 1024K, 5 young (5120K), 5 survivors (5120K)
 Metaspace       used 123849K, capacity 126517K, committed 126684K, reserved 1161216K
  class space    used 14544K, capacity 15505K, committed 15564K, reserved 1048576K
}
Event: 163.223 GC heap before
{Heap before GC invocations=97 (full 0):
 garbage-first heap   total 245760K, used 210533K [0x00000000a0000000, 0x0000000100000000)
  region size 1024K, 82 young (83968K), 5 survivors (5120K)
 Metaspace       used 125686K, capacity 128309K, committed 128476K, reserved 1163264K
  class space    used 14735K, capacity 15697K, committed 15820K, reserved 1048576K
}
Event: 163.232 GC heap after
{Heap after GC invocations=98 (full 0):
 garbage-first heap   total 245760K, used 132445K [0x00000000a0000000, 0x0000000100000000)
  region size 1024K, 6 young (6144K), 6 survivors (6144K)
 Metaspace       used 125686K, capacity 128309K, committed 128476K, reserved 1163264K
  class space    used 14735K, capacity 15697K, committed 15820K, reserved 1048576K
}
Event: 163.522 GC heap before
{Heap before GC invocations=99 (full 0):
 garbage-first heap   total 245760K, used 212317K [0x00000000a0000000, 0x0000000100000000)
  region size 1024K, 83 young (84992K), 6 survivors (6144K)
 Metaspace       used 125871K, capacity 128501K, committed 128732K, reserved 1163264K
  class space    used 14747K, capacity 15697K, committed 15820K, reserved 1048576K
}
Event: 163.527 GC heap after
{Heap after GC invocations=100 (full 0):
 garbage-first heap   total 245760K, used 123488K [0x00000000a0000000, 0x0000000100000000)
  region size 1024K, 2 young (2048K), 2 survivors (2048K)
 Metaspace       used 125871K, capacity 128501K, committed 128732K, reserved 1163264K
  class space    used 14747K, capacity 15697K, committed 15820K, reserved 1048576K
}
Event: 163.608 GC heap before
{Heap before GC invocations=100 (full 0):
 garbage-first heap   total 245760K, used 161376K [0x00000000a0000000, 0x0000000100000000)
  region size 1024K, 40 young (40960K), 2 survivors (2048K)
 Metaspace       used 125871K, capacity 128501K, committed 128732K, reserved 1163264K
  class space    used 14747K, capacity 15697K, committed 15820K, reserved 1048576K
}
Event: 163.613 GC heap after
{Heap after GC invocations=101 (full 0):
 garbage-first heap   total 245760K, used 123482K [0x00000000a0000000, 0x0000000100000000)
  region size 1024K, 2 young (2048K), 2 survivors (2048K)
 Metaspace       used 125871K, capacity 128501K, committed 128732K, reserved 1163264K
  class space    used 14747K, capacity 15697K, committed 15820K, reserved 1048576K
}
Event: 163.870 GC heap before
{Heap before GC invocations=101 (full 0):
 garbage-first heap   total 245760K, used 208474K [0x00000000a0000000, 0x0000000100000000)
  region size 1024K, 79 young (80896K), 2 survivors (2048K)
 Metaspace       used 125874K, capacity 128501K, committed 128732K, reserved 1163264K
  class space    used 14747K, capacity 15697K, committed 15820K, reserved 1048576K
}
Event: 163.878 GC heap after
{Heap after GC invocations=102 (full 0):
 garbage-first heap   total 245760K, used 123037K [0x00000000a0000000, 0x0000000100000000)
  region size 1024K, 2 young (2048K), 2 survivors (2048K)
 Metaspace       used 125874K, capacity 128501K, committed 128732K, reserved 1163264K
  class space    used 14747K, capacity 15697K, committed 15820K, reserved 1048576K
}
Event: 164.297 GC heap before
{Heap before GC invocations=103 (full 0):
 garbage-first heap   total 245760K, used 203933K [0x00000000a0000000, 0x0000000100000000)
  region size 1024K, 81 young (82944K), 2 survivors (2048K)
 Metaspace       used 128494K, capacity 131162K, committed 131420K, reserved 1165312K
  class space    used 15128K, capacity 16094K, committed 16204K, reserved 1048576K
}
Event: 164.302 GC heap after
{Heap after GC invocations=104 (full 0):
 garbage-first heap   total 245760K, used 123515K [0x00000000a0000000, 0x0000000100000000)
  region size 1024K, 2 young (2048K), 2 survivors (2048K)
 Metaspace       used 128494K, capacity 131162K, committed 131420K, reserved 1165312K
  class space    used 15128K, capacity 16094K, committed 16204K, reserved 1048576K
}
Event: 164.481 GC heap before
{Heap before GC invocations=104 (full 0):
 garbage-first heap   total 245760K, used 149115K [0x00000000a0000000, 0x0000000100000000)
  region size 1024K, 28 young (28672K), 2 survivors (2048K)
 Metaspace       used 130058K, capacity 132733K, committed 132828K, reserved 1165312K
  class space    used 15336K, capacity 16319K, committed 16332K, reserved 1048576K
}
Event: 164.486 GC heap after
{Heap after GC invocations=105 (full 0):
 garbage-first heap   total 245760K, used 123981K [0x00000000a0000000, 0x0000000100000000)
  region size 1024K, 2 young (2048K), 2 survivors (2048K)
 Metaspace       used 130058K, capacity 132733K, committed 132828K, reserved 1165312K
  class space    used 15336K, capacity 16319K, committed 16332K, reserved 1048576K
}
Event: 164.917 GC heap before
{Heap before GC invocations=106 (full 0):
 garbage-first heap   total 245760K, used 213069K [0x00000000a0000000, 0x0000000100000000)
  region size 1024K, 81 young (82944K), 2 survivors (2048K)
 Metaspace       used 130940K, capacity 133624K, committed 133724K, reserved 1167360K
  class space    used 15423K, capacity 16403K, committed 16460K, reserved 1048576K
}
Event: 164.934 GC heap after
{Heap after GC invocations=107 (full 0):
 garbage-first heap   total 245760K, used 139068K [0x00000000a0000000, 0x0000000100000000)
  region size 1024K, 11 young (11264K), 11 survivors (11264K)
 Metaspace       used 130940K, capacity 133624K, committed 133724K, reserved 1167360K
  class space    used 15423K, capacity 16403K, committed 16460K, reserved 1048576K
}
Event: 164.940 GC heap before
{Heap before GC invocations=107 (full 0):
 garbage-first heap   total 245760K, used 140092K [0x00000000a0000000, 0x0000000100000000)
  region size 1024K, 12 young (12288K), 11 survivors (11264K)
 Metaspace       used 130959K, capacity 133624K, committed 133724K, reserved 1167360K
  class space    used 15423K, capacity 16403K, committed 16460K, reserved 1048576K
}
Event: 164.953 GC heap after
{Heap after GC invocations=108 (full 0):
 garbage-first heap   total 245760K, used 119761K [0x00000000a0000000, 0x0000000100000000)
  region size 1024K, 2 young (2048K), 2 survivors (2048K)
 Metaspace       used 130959K, capacity 133624K, committed 133724K, reserved 1167360K
  class space    used 15423K, capacity 16403K, committed 16460K, reserved 1048576K
}
Event: 165.720 GC heap before
{Heap before GC invocations=108 (full 0):
 garbage-first heap   total 245760K, used 198609K [0x00000000a0000000, 0x0000000100000000)
  region size 1024K, 79 young (80896K), 2 survivors (2048K)
 Metaspace       used 132911K, capacity 135577K, committed 135772K, reserved 1169408K
  class space    used 15645K, capacity 16671K, committed 16716K, reserved 1048576K
}

